<?xml version="1.0" encoding="UTF-8"?>
<testsuite xmlns:xsi="http://www.w3.org/2001/XMLSchema-instance" xsi:noNamespaceSchemaLocation="https://maven.apache.org/surefire/maven-surefire-plugin/xsd/surefire-test-report.xsd" version="3.0.2" name="br.com.clinica.clinica.ClinicaApplicationTests" time="6.996" tests="1" errors="0" skipped="0" failures="0">
  <properties>
[...]
</properties>
  <testcase name="contextLoads" classname="br.com.clinica.clinica.ClinicaApplicationTests" time="0.705">
    <system-out><![CDATA[11:38:57.866 [main] INFO org.springframework.test.context.support.AnnotationConfigContextLoaderUtils -- Could not detect default configuration classes for test class [br.com.clinica.clinica.ClinicaApplicationTests]: ClinicaApplicationTests does not declare any static, non-private, non-final, nested classes annotated with @Configuration.
11:38:58.008 [main] INFO org.springframework.boot.test.context.SpringBootTestContextBootstrapper -- Found @SpringBootConfiguration br.com.clinica.clinica.ClinicaApplication for test class br.com.clinica.clinica.ClinicaApplicationTests

  .   ____          _            __ _ _
 /\\ / ___'_ __ _ _(_)_ __  __ _ \ \ \ \
( ( )\___ | '_ | '_| | '_ \/ _` | \ \ \ \
 \\/  ___)| |_)| | | | | || (_| |  ) ) ) )
  '  |____| .__|_| |_|_| |_\__, | / / / /
 =========|_|==============|___/=/_/_/_/

 :: Spring Boot ::                (v3.5.6)

2025-12-01T11:38:58.549-03:00  INFO 12216 --- [clinica] [           main] b.c.c.clinica.ClinicaApplicationTests    : Starting ClinicaApplicationTests using Java 17.0.16 with PID 12216 (started by marcos in /home/marcos/Documentos/Fatec/clinicajava2/clinica)
2025-12-01T11:38:58.553-03:00  INFO 12216 --- [clinica] [           main] b.c.c.clinica.ClinicaApplicationTests    : No active profile set, falling back to 1 default profile: "default"
2025-12-01T11:38:59.416-03:00  INFO 12216 --- [clinica] [           main] .s.d.r.c.RepositoryConfigurationDelegate : Bootstrapping Spring Data JPA repositories in DEFAULT mode.
2025-12-01T11:38:59.531-03:00  INFO 12216 --- [clinica] [           main] .s.d.r.c.RepositoryConfigurationDelegate : Finished Spring Data repository scanning in 98 ms. Found 3 JPA repository interfaces.
2025-12-01T11:39:00.144-03:00  INFO 12216 --- [clinica] [           main] o.hibernate.jpa.internal.util.LogHelper  : HHH000204: Processing PersistenceUnitInfo [name: default]
2025-12-01T11:39:00.237-03:00  INFO 12216 --- [clinica] [           main] org.hibernate.Version                    : HHH000412: Hibernate ORM core version 6.6.29.Final
2025-12-01T11:39:00.292-03:00  INFO 12216 --- [clinica] [           main] o.h.c.internal.RegionFactoryInitiator    : HHH000026: Second-level cache disabled
2025-12-01T11:39:00.590-03:00  INFO 12216 --- [clinica] [           main] o.s.o.j.p.SpringPersistenceUnitInfo      : No LoadTimeWeaver setup: ignoring JPA class transformer
2025-12-01T11:39:00.621-03:00  INFO 12216 --- [clinica] [           main] com.zaxxer.hikari.HikariDataSource       : HikariPool-1 - Starting...
2025-12-01T11:39:00.965-03:00  INFO 12216 --- [clinica] [           main] com.zaxxer.hikari.pool.HikariPool        : HikariPool-1 - Added connection org.postgresql.jdbc.PgConnection@3bf5911d
2025-12-01T11:39:00.966-03:00  INFO 12216 --- [clinica] [           main] com.zaxxer.hikari.HikariDataSource       : HikariPool-1 - Start completed.
2025-12-01T11:39:01.026-03:00  INFO 12216 --- [clinica] [           main] org.hibernate.orm.connections.pooling    : HHH10001005: Database info:
	Database JDBC URL [Connecting through datasource 'HikariDataSource (HikariPool-1)']
	Database driver: undefined/unknown
	Database version: 16.10
	Autocommit mode: undefined/unknown
	Isolation level: undefined/unknown
	Minimum pool size: undefined/unknown
	Maximum pool size: undefined/unknown
2025-12-01T11:39:02.315-03:00  INFO 12216 --- [clinica] [           main] o.h.e.t.j.p.i.JtaPlatformInitiator       : HHH000489: No JTA platform available (set 'hibernate.transaction.jta.platform' to enable JTA platform integration)
2025-12-01T11:39:02.469-03:00  INFO 12216 --- [clinica] [           main] j.LocalContainerEntityManagerFactoryBean : Initialized JPA EntityManagerFactory for persistence unit 'default'
2025-12-01T11:39:02.881-03:00  WARN 12216 --- [clinica] [           main] JpaBaseConfiguration$JpaWebConfiguration : spring.jpa.open-in-view is enabled by default. Therefore, database queries may be performed during view rendering. Explicitly configure spring.jpa.open-in-view to disable this warning
2025-12-01T11:39:02.925-03:00  INFO 12216 --- [clinica] [           main] r$InitializeUserDetailsManagerConfigurer : Global AuthenticationManager configured with UserDetailsService bean with name userDetailsServiceImpl
2025-12-01T11:39:03.036-03:00  INFO 12216 --- [clinica] [           main] o.s.b.a.w.s.WelcomePageHandlerMapping    : Adding welcome page template: index
2025-12-01T11:39:03.742-03:00  INFO 12216 --- [clinica] [           main] .w.s.a.s.AnnotationActionEndpointMapping : Supporting [WS-Addressing August 2004, WS-Addressing 1.0]
2025-12-01T11:39:03.825-03:00  INFO 12216 --- [clinica] [           main] b.c.c.clinica.ClinicaApplicationTests    : Started ClinicaApplicationTests in 5.631 seconds (process running for 6.994)
]]></system-out>
  </testcase>
</testsuite>